<?xml version="1.0" encoding="UTF-8"?>
<testng-results ignored="0" total="6" passed="6" failed="0" skipped="0">
  <reporter-output>
  </reporter-output>
  <suite started-at="2023-04-29T14:21:04 IST" name="All Test Suite" finished-at="2023-04-29T14:21:04 IST" duration-ms="47">
    <groups>
    </groups>
    <test started-at="2023-04-29T14:21:04 IST" name="D:/TestNG/TestNG-TestCases" finished-at="2023-04-29T14:21:04 IST" duration-ms="47">
      <class name="fromXML.TestNGEx1">
        <test-method signature="close()[pri:0, instance:fromXML.TestNGEx1@6e20b53a]" started-at="2023-04-29T14:21:04 IST" name="close" finished-at="2023-04-29T14:21:04 IST" duration-ms="7" status="PASS">
          <reporter-output>
          </reporter-output>
        </test-method> <!-- close -->
        <test-method signature="login()[pri:0, instance:fromXML.TestNGEx1@6e20b53a]" started-at="2023-04-29T14:21:04 IST" name="login" finished-at="2023-04-29T14:21:04 IST" duration-ms="0" status="PASS">
          <reporter-output>
          </reporter-output>
        </test-method> <!-- login -->
        <test-method signature="open()[pri:0, instance:fromXML.TestNGEx1@6e20b53a]" started-at="2023-04-29T14:21:04 IST" name="open" finished-at="2023-04-29T14:21:04 IST" duration-ms="0" status="PASS">
          <reporter-output>
          </reporter-output>
        </test-method> <!-- open -->
      </class> <!-- fromXML.TestNGEx1 -->
      <class name="fromXML.TestNGEx2">
        <test-method signature="close()[pri:0, instance:fromXML.TestNGEx2@71809907]" started-at="2023-04-29T14:21:04 IST" name="close" finished-at="2023-04-29T14:21:04 IST" duration-ms="1" status="PASS">
          <reporter-output>
          </reporter-output>
        </test-method> <!-- close -->
        <test-method signature="login()[pri:0, instance:fromXML.TestNGEx2@71809907]" started-at="2023-04-29T14:21:04 IST" name="login" finished-at="2023-04-29T14:21:04 IST" duration-ms="0" status="PASS">
          <reporter-output>
          </reporter-output>
        </test-method> <!-- login -->
        <test-method signature="open()[pri:0, instance:fromXML.TestNGEx2@71809907]" started-at="2023-04-29T14:21:04 IST" name="open" finished-at="2023-04-29T14:21:04 IST" duration-ms="0" status="PASS">
          <reporter-output>
          </reporter-output>
        </test-method> <!-- open -->
      </class> <!-- fromXML.TestNGEx2 -->
    </test> <!-- D:/TestNG/TestNG-TestCases -->
  </suite> <!-- All Test Suite -->
</testng-results>
